生成启动时间为 2015/7/28 14:55:26。
     1>项目“F:\git_repository\CodingNote\ProgrammingInLua\src\c_api\CAPI\CAPI\CAPI.vcxproj”在节点 2 上(Build 个目标)。
     1>ClCompile:
         D:\Microsoft Visual Studio 12.0\VC\bin\CL.exe /c /ZI /nologo /W3 /WX- /sdl /Od /Oy- /D WIN32 /D _DEBUG /D _CONSOLE /D _LIB /D _UNICODE /D UNICODE /Gm /EHsc /RTC1 /MDd /GS /fp:precise /Zc:wchar_t /Zc:forScope /Fo"Debug\\" /Fd"Debug\vc120.pdb" /Gd /TP /analyze- /errorReport:prompt basic_api.cpp TestBase.cpp TestCallFunc.cpp TestLuaConfig.cpp TestUserdata.cpp Tools.cpp
         Tools.cpp
         TestUserdata.cpp
         TestLuaConfig.cpp
     1>f:\git_repository\codingnote\programminginlua\src\c_api\capi\capi\testluaconfig.cpp(33): warning C4244: “=”: 从“lua_Number”转换到“int”，可能丢失数据
     1>f:\git_repository\codingnote\programminginlua\src\c_api\capi\capi\testluaconfig.cpp(34): warning C4244: “=”: 从“lua_Number”转换到“int”，可能丢失数据
     1>f:\git_repository\codingnote\programminginlua\src\c_api\capi\capi\testluaconfig.cpp(36): warning C4244: “=”: 从“double”转换到“int”，可能丢失数据
     1>f:\git_repository\codingnote\programminginlua\src\c_api\capi\capi\testluaconfig.cpp(37): warning C4244: “=”: 从“double”转换到“int”，可能丢失数据
     1>f:\git_repository\codingnote\programminginlua\src\c_api\capi\capi\testluaconfig.cpp(38): warning C4244: “=”: 从“double”转换到“int”，可能丢失数据
     1>f:\git_repository\codingnote\programminginlua\src\c_api\capi\capi\testluaconfig.cpp(51): warning C4244: “初始化”: 从“lua_Number”转换到“int”，可能丢失数据
         TestCallFunc.cpp
         TestBase.cpp
         basic_api.cpp
         正在生成代码...
       Link:
         D:\Microsoft Visual Studio 12.0\VC\bin\link.exe /ERRORREPORT:PROMPT /OUT:"F:\git_repository\CodingNote\ProgrammingInLua\src\c_api\CAPI\Debug\CAPI.exe" /INCREMENTAL /NOLOGO kernel32.lib user32.lib gdi32.lib winspool.lib comdlg32.lib advapi32.lib shell32.lib ole32.lib oleaut32.lib uuid.lib odbc32.lib odbccp32.lib /MANIFEST /MANIFESTUAC:"level='asInvoker' uiAccess='false'" /manifest:embed /DEBUG /PDB:"F:\git_repository\CodingNote\ProgrammingInLua\src\c_api\CAPI\Debug\CAPI.pdb" /SUBSYSTEM:CONSOLE /TLBID:1 /DYNAMICBASE /NXCOMPAT /IMPLIB:"F:\git_repository\CodingNote\ProgrammingInLua\src\c_api\CAPI\Debug\CAPI.lib" /MACHINE:X86 Debug\basic_api.obj
         Debug\TestBase.obj
         Debug\TestCallFunc.obj
         Debug\TestLuaConfig.obj
         Debug\TestUserdata.obj
         Debug\Tools.obj
         CAPI.vcxproj -> F:\git_repository\CodingNote\ProgrammingInLua\src\c_api\CAPI\Debug\CAPI.exe
     1>已完成生成项目“F:\git_repository\CodingNote\ProgrammingInLua\src\c_api\CAPI\CAPI\CAPI.vcxproj”(Build 个目标)的操作。

生成成功。

已用时间 00:00:04.27
